<?xml version="1.0" encoding="UTF-8"?>
<testng-results ignored="0" total="1" passed="1" failed="0" skipped="0">
  <reporter-output>
  </reporter-output>
  <suite started-at="2024-08-13T20:48:38 IST" name="Surefire suite" finished-at="2024-08-13T20:48:55 IST" duration-ms="16961">
    <groups>
    </groups>
    <test started-at="2024-08-13T20:48:38 IST" name="Surefire test" finished-at="2024-08-13T20:48:55 IST" duration-ms="16961">
      <class name="Org.Framework.Tests.PlacingOrdersTest">
        <test-method is-config="true" signature="BaseTestInit()[pri:0, instance:Org.Framework.Tests.PlacingOrdersTest@57d5872c]" started-at="2024-08-13T20:48:38 IST" name="BaseTestInit" finished-at="2024-08-13T20:48:42 IST" duration-ms="4268" status="PASS">
          <reporter-output>
          </reporter-output>
        </test-method> <!-- BaseTestInit -->
        <test-method signature="guestOrderPlacementTest(java.util.List,java.util.List)[pri:0, instance:Org.Framework.Tests.PlacingOrdersTest@57d5872c]" started-at="2024-08-13T20:48:42 IST" name="guestOrderPlacementTest" data-provider="productDP" finished-at="2024-08-13T20:48:54 IST" duration-ms="12361" status="PASS">
          <params>
            <param index="0">
              <value>
                <![CDATA[[Blue Shoes, Blue Denim Shorts, Blue Tshirt]]]>
              </value>
            </param>
            <param index="1">
              <value>
                <![CDATA[[1, 2, 1]]]>
              </value>
            </param>
          </params>
          <reporter-output>
          </reporter-output>
        </test-method> <!-- guestOrderPlacementTest -->
        <test-method is-config="true" signature="BaseTestExit()[pri:0, instance:Org.Framework.Tests.PlacingOrdersTest@57d5872c]" started-at="2024-08-13T20:48:54 IST" name="BaseTestExit" finished-at="2024-08-13T20:48:55 IST" duration-ms="287" status="PASS">
          <reporter-output>
          </reporter-output>
        </test-method> <!-- BaseTestExit -->
      </class> <!-- Org.Framework.Tests.PlacingOrdersTest -->
    </test> <!-- Surefire test -->
  </suite> <!-- Surefire suite -->
</testng-results>
